# JRE version: OpenJDK Runtime Environment (11.0.10) (build 11.0.10+0-b96-7249189)
# Java VM: OpenJDK 64-Bit Server VM (11.0.10+0-b96-7249189, mixed mode, tiered, compressed oops, g1 gc, windows-amd64)
Heap:
 garbage-first heap   total 182272K, used 63883K [0x0000000080000000, 0x0000000100000000)
  region size 1024K, 7 young (7168K), 7 survivors (7168K)
 Metaspace       used 49647K, capacity 51154K, committed 51456K, reserved 1093632K
  class space    used 6360K, capacity 6844K, committed 6912K, reserved 1048576K
GC Heap History (19 events):
Event: 0.649 GC heap before
{Heap before GC invocations=0 (full 0):
 garbage-first heap   total 131072K, used 27648K [0x0000000080000000, 0x0000000100000000)
  region size 1024K, 22 young (22528K), 0 survivors (0K)
 Metaspace       used 10004K, capacity 10205K, committed 10368K, reserved 1058816K
  class space    used 1037K, capacity 1108K, committed 1152K, reserved 1048576K
}
Event: 0.687 GC heap after
{Heap after GC invocations=1 (full 0):
 garbage-first heap   total 131072K, used 9410K [0x0000000080000000, 0x0000000100000000)
  region size 1024K, 3 young (3072K), 3 survivors (3072K)
 Metaspace       used 10004K, capacity 10205K, committed 10368K, reserved 1058816K
  class space    used 1037K, capacity 1108K, committed 1152K, reserved 1048576K
}
Event: 1.190 GC heap before
{Heap before GC invocations=1 (full 0):
 garbage-first heap   total 131072K, used 65730K [0x0000000080000000, 0x0000000100000000)
  region size 1024K, 58 young (59392K), 3 survivors (3072K)
 Metaspace       used 13685K, capacity 14075K, committed 14208K, reserved 1062912K
  class space    used 1527K, capacity 1654K, committed 1664K, reserved 1048576K
}
Event: 1.194 GC heap after
{Heap after GC invocations=2 (full 0):
 garbage-first heap   total 131072K, used 15032K [0x0000000080000000, 0x0000000100000000)
  region size 1024K, 8 young (8192K), 8 survivors (8192K)
 Metaspace       used 13685K, capacity 14075K, committed 14208K, reserved 1062912K
  class space    used 1527K, capacity 1654K, committed 1664K, reserved 1048576K
}
Event: 2.188 GC heap before
{Heap before GC invocations=2 (full 0):
 garbage-first heap   total 131072K, used 57016K [0x0000000080000000, 0x0000000100000000)
  region size 1024K, 50 young (51200K), 8 survivors (8192K)
 Metaspace       used 20594K, capacity 21127K, committed 21248K, reserved 1067008K
  class space    used 2517K, capacity 2733K, committed 2816K, reserved 1048576K
}
Event: 2.193 GC heap after
{Heap after GC invocations=3 (full 0):
 garbage-first heap   total 131072K, used 17084K [0x0000000080000000, 0x0000000100000000)
  region size 1024K, 2 young (2048K), 2 survivors (2048K)
 Metaspace       used 20594K, capacity 21127K, committed 21248K, reserved 1067008K
  class space    used 2517K, capacity 2733K, committed 2816K, reserved 1048576K
}
Event: 2.660 GC heap before
{Heap before GC invocations=4 (full 0):
 garbage-first heap   total 131072K, used 85692K [0x0000000080000000, 0x0000000100000000)
  region size 1024K, 59 young (60416K), 2 survivors (2048K)
 Metaspace       used 26378K, capacity 27083K, committed 27392K, reserved 1073152K
  class space    used 3465K, capacity 3741K, committed 3840K, reserved 1048576K
}
Event: 2.664 GC heap after
{Heap after GC invocations=5 (full 0):
 garbage-first heap   total 131072K, used 32338K [0x0000000080000000, 0x0000000100000000)
  region size 1024K, 7 young (7168K), 7 survivors (7168K)
 Metaspace       used 26378K, capacity 27083K, committed 27392K, reserved 1073152K
  class space    used 3465K, capacity 3741K, committed 3840K, reserved 1048576K
}
Event: 3.177 GC heap before
{Heap before GC invocations=5 (full 0):
 garbage-first heap   total 131072K, used 87634K [0x0000000080000000, 0x0000000100000000)
  region size 1024K, 61 young (62464K), 7 survivors (7168K)
 Metaspace       used 33295K, capacity 34145K, committed 34176K, reserved 1079296K
  class space    used 4414K, capacity 4732K, committed 4736K, reserved 1048576K
}
Event: 3.182 GC heap after
{Heap after GC invocations=6 (full 0):
 garbage-first heap   total 131072K, used 35467K [0x0000000080000000, 0x0000000100000000)
  region size 1024K, 4 young (4096K), 4 survivors (4096K)
 Metaspace       used 33295K, capacity 34145K, committed 34176K, reserved 1079296K
  class space    used 4414K, capacity 4732K, committed 4736K, reserved 1048576K
}
Event: 3.232 GC heap before
{Heap before GC invocations=6 (full 0):
 garbage-first heap   total 131072K, used 39563K [0x0000000080000000, 0x0000000100000000)
  region size 1024K, 9 young (9216K), 4 survivors (4096K)
 Metaspace       used 34845K, capacity 35731K, committed 35840K, reserved 1081344K
  class space    used 4560K, capacity 4899K, committed 4992K, reserved 1048576K
}
Event: 3.237 GC heap after
{Heap after GC invocations=7 (full 0):
 garbage-first heap   total 131072K, used 36084K [0x0000000080000000, 0x0000000100000000)
  region size 1024K, 4 young (4096K), 4 survivors (4096K)
 Metaspace       used 34845K, capacity 35731K, committed 35840K, reserved 1081344K
  class space    used 4560K, capacity 4899K, committed 4992K, reserved 1048576K
}
Event: 3.713 GC heap before
{Heap before GC invocations=8 (full 0):
 garbage-first heap   total 131072K, used 95476K [0x0000000080000000, 0x0000000100000000)
  region size 1024K, 60 young (61440K), 4 survivors (4096K)
 Metaspace       used 40568K, capacity 41607K, committed 41728K, reserved 1085440K
  class space    used 5210K, capacity 5577K, committed 5632K, reserved 1048576K
}
Event: 3.721 GC heap after
{Heap after GC invocations=9 (full 0):
 garbage-first heap   total 131072K, used 39873K [0x0000000080000000, 0x0000000100000000)
  region size 1024K, 8 young (8192K), 8 survivors (8192K)
 Metaspace       used 40568K, capacity 41607K, committed 41728K, reserved 1085440K
  class space    used 5210K, capacity 5577K, committed 5632K, reserved 1048576K
}
Event: 4.139 GC heap before
{Heap before GC invocations=10 (full 0):
 garbage-first heap   total 131072K, used 105409K [0x0000000080000000, 0x0000000100000000)
  region size 1024K, 64 young (65536K), 8 survivors (8192K)
 Metaspace       used 44424K, capacity 45683K, committed 45824K, reserved 1089536K
  class space    used 5597K, capacity 6053K, committed 6144K, reserved 1048576K
}
Event: 4.147 GC heap after
{Heap after GC invocations=11 (full 0):
 garbage-first heap   total 131072K, used 53107K [0x0000000080000000, 0x0000000100000000)
  region size 1024K, 8 young (8192K), 8 survivors (8192K)
 Metaspace       used 44424K, capacity 45683K, committed 45824K, reserved 1089536K
  class space    used 5597K, capacity 6053K, committed 6144K, reserved 1048576K
}
Event: 4.478 GC heap before
{Heap before GC invocations=11 (full 0):
 garbage-first heap   total 131072K, used 102259K [0x0000000080000000, 0x0000000100000000)
  region size 1024K, 56 young (57344K), 8 survivors (8192K)
 Metaspace       used 47378K, capacity 48795K, committed 48896K, reserved 1091584K
  class space    used 6087K, capacity 6558K, committed 6656K, reserved 1048576K
}
Event: 4.485 GC heap after
{Heap after GC invocations=12 (full 0):
 garbage-first heap   total 131072K, used 56882K [0x0000000080000000, 0x0000000100000000)
  region size 1024K, 3 young (3072K), 3 survivors (3072K)
 Metaspace       used 47378K, capacity 48795K, committed 48896K, reserved 1091584K
  class space    used 6087K, capacity 6558K, committed 6656K, reserved 1048576K
}
Event: 4.902 GC heap before
{Heap before GC invocations=12 (full 0):
 garbage-first heap   total 131072K, used 106034K [0x0000000080000000, 0x0000000100000000)
  region size 1024K, 49 young (50176K), 3 survivors (3072K)
 Metaspace       used 49647K, capacity 51154K, committed 51456K, reserved 1093632K
  class space    used 6360K, capacity 6844K, committed 6912K, reserved 1048576K
}

