# JRE version: OpenJDK Runtime Environment (11.0.10) (build 11.0.10+0-b96-7249189)
# Java VM: OpenJDK 64-Bit Server VM (11.0.10+0-b96-7249189, mixed mode, tiered, compressed oops, g1 gc, windows-amd64)
Heap:
 garbage-first heap   total 501760K, used 135101K [0x0000000080000000, 0x0000000100000000)
  region size 1024K, 17 young (17408K), 17 survivors (17408K)
 Metaspace       used 115151K, capacity 118117K, committed 119132K, reserved 1153024K
  class space    used 14842K, capacity 15931K, committed 16408K, reserved 1048576K
GC Heap History (20 events):
Event: 29.625 GC heap after
{Heap after GC invocations=48 (full 0):
 garbage-first heap   total 227328K, used 120298K [0x0000000080000000, 0x0000000100000000)
  region size 1024K, 4 young (4096K), 4 survivors (4096K)
 Metaspace       used 113511K, capacity 116293K, committed 117852K, reserved 1150976K
  class space    used 14687K, capacity 15734K, committed 16408K, reserved 1048576K
}
Event: 29.899 GC heap before
{Heap before GC invocations=49 (full 0):
 garbage-first heap   total 227328K, used 187882K [0x0000000080000000, 0x0000000100000000)
  region size 1024K, 70 young (71680K), 4 survivors (4096K)
 Metaspace       used 113968K, capacity 116763K, committed 118108K, reserved 1150976K
  class space    used 14753K, capacity 15805K, committed 16408K, reserved 1048576K
}
Event: 29.940 GC heap after
{Heap after GC invocations=50 (full 0):
 garbage-first heap   total 273408K, used 122453K [0x0000000080000000, 0x0000000100000000)
  region size 1024K, 6 young (6144K), 6 survivors (6144K)
 Metaspace       used 113968K, capacity 116763K, committed 118108K, reserved 1150976K
  class space    used 14753K, capacity 15805K, committed 16408K, reserved 1048576K
}
Event: 30.312 GC heap before
{Heap before GC invocations=50 (full 0):
 garbage-first heap   total 273408K, used 215637K [0x0000000080000000, 0x0000000100000000)
  region size 1024K, 97 young (99328K), 6 survivors (6144K)
 Metaspace       used 114123K, capacity 116992K, committed 118364K, reserved 1150976K
  class space    used 14760K, capacity 15813K, committed 16408K, reserved 1048576K
}
Event: 30.316 GC heap after
{Heap after GC invocations=51 (full 0):
 garbage-first heap   total 273408K, used 121458K [0x0000000080000000, 0x0000000100000000)
  region size 1024K, 5 young (5120K), 5 survivors (5120K)
 Metaspace       used 114123K, capacity 116992K, committed 118364K, reserved 1150976K
  class space    used 14760K, capacity 15813K, committed 16408K, reserved 1048576K
}
Event: 30.515 GC heap before
{Heap before GC invocations=51 (full 0):
 garbage-first heap   total 273408K, used 223858K [0x0000000080000000, 0x0000000100000000)
  region size 1024K, 105 young (107520K), 5 survivors (5120K)
 Metaspace       used 114391K, capacity 117287K, committed 118620K, reserved 1150976K
  class space    used 14792K, capacity 15867K, committed 16408K, reserved 1048576K
}
Event: 30.521 GC heap after
{Heap after GC invocations=52 (full 0):
 garbage-first heap   total 273408K, used 122715K [0x0000000080000000, 0x0000000100000000)
  region size 1024K, 6 young (6144K), 6 survivors (6144K)
 Metaspace       used 114391K, capacity 117287K, committed 118620K, reserved 1150976K
  class space    used 14792K, capacity 15867K, committed 16408K, reserved 1048576K
}
Event: 30.897 GC heap before
{Heap before GC invocations=52 (full 0):
 garbage-first heap   total 273408K, used 227163K [0x0000000080000000, 0x0000000100000000)
  region size 1024K, 108 young (110592K), 6 survivors (6144K)
 Metaspace       used 114856K, capacity 117724K, committed 118876K, reserved 1153024K
  class space    used 14835K, capacity 15917K, committed 16408K, reserved 1048576K
}
Event: 30.903 GC heap after
{Heap after GC invocations=53 (full 0):
 garbage-first heap   total 273408K, used 123069K [0x0000000080000000, 0x0000000100000000)
  region size 1024K, 6 young (6144K), 6 survivors (6144K)
 Metaspace       used 114856K, capacity 117724K, committed 118876K, reserved 1153024K
  class space    used 14835K, capacity 15917K, committed 16408K, reserved 1048576K
}
Event: 31.002 GC heap before
{Heap before GC invocations=53 (full 0):
 garbage-first heap   total 273408K, used 228541K [0x0000000080000000, 0x0000000100000000)
  region size 1024K, 109 young (111616K), 6 survivors (6144K)
 Metaspace       used 114918K, capacity 117882K, committed 118876K, reserved 1153024K
  class space    used 14839K, capacity 15925K, committed 16408K, reserved 1048576K
}
Event: 31.010 GC heap after
{Heap after GC invocations=54 (full 0):
 garbage-first heap   total 273408K, used 124995K [0x0000000080000000, 0x0000000100000000)
  region size 1024K, 8 young (8192K), 8 survivors (8192K)
 Metaspace       used 114918K, capacity 117882K, committed 118876K, reserved 1153024K
  class space    used 14839K, capacity 15925K, committed 16408K, reserved 1048576K
}
Event: 31.129 GC heap before
{Heap before GC invocations=54 (full 0):
 garbage-first heap   total 273408K, used 229443K [0x0000000080000000, 0x0000000100000000)
  region size 1024K, 110 young (112640K), 8 survivors (8192K)
 Metaspace       used 114930K, capacity 117882K, committed 118876K, reserved 1153024K
  class space    used 14839K, capacity 15925K, committed 16408K, reserved 1048576K
}
Event: 31.149 GC heap after
{Heap after GC invocations=55 (full 0):
 garbage-first heap   total 435200K, used 126280K [0x0000000080000000, 0x0000000100000000)
  region size 1024K, 9 young (9216K), 9 survivors (9216K)
 Metaspace       used 114930K, capacity 117882K, committed 118876K, reserved 1153024K
  class space    used 14839K, capacity 15925K, committed 16408K, reserved 1048576K
}
Event: 31.334 GC heap before
{Heap before GC invocations=55 (full 0):
 garbage-first heap   total 435200K, used 286024K [0x0000000080000000, 0x0000000100000000)
  region size 1024K, 165 young (168960K), 9 survivors (9216K)
 Metaspace       used 115023K, capacity 118027K, committed 119132K, reserved 1153024K
  class space    used 14839K, capacity 15925K, committed 16408K, reserved 1048576K
}
Event: 31.343 GC heap after
{Heap after GC invocations=56 (full 0):
 garbage-first heap   total 435200K, used 129363K [0x0000000080000000, 0x0000000100000000)
  region size 1024K, 12 young (12288K), 12 survivors (12288K)
 Metaspace       used 115023K, capacity 118027K, committed 119132K, reserved 1153024K
  class space    used 14839K, capacity 15925K, committed 16408K, reserved 1048576K
}
Event: 31.531 GC heap before
{Heap before GC invocations=56 (full 0):
 garbage-first heap   total 435200K, used 367955K [0x0000000080000000, 0x0000000100000000)
  region size 1024K, 245 young (250880K), 12 survivors (12288K)
 Metaspace       used 115082K, capacity 118097K, committed 119132K, reserved 1153024K
  class space    used 14839K, capacity 15925K, committed 16408K, reserved 1048576K
}
Event: 31.541 GC heap after
{Heap after GC invocations=57 (full 0):
 garbage-first heap   total 435200K, used 130813K [0x0000000080000000, 0x0000000100000000)
  region size 1024K, 13 young (13312K), 13 survivors (13312K)
 Metaspace       used 115082K, capacity 118097K, committed 119132K, reserved 1153024K
  class space    used 14839K, capacity 15925K, committed 16408K, reserved 1048576K
}
Event: 31.701 GC heap before
{Heap before GC invocations=57 (full 0):
 garbage-first heap   total 435200K, used 373501K [0x0000000080000000, 0x0000000100000000)
  region size 1024K, 250 young (256000K), 13 survivors (13312K)
 Metaspace       used 115130K, capacity 118116K, committed 119132K, reserved 1153024K
  class space    used 14842K, capacity 15931K, committed 16408K, reserved 1048576K
}
Event: 31.709 GC heap after
{Heap after GC invocations=58 (full 0):
 garbage-first heap   total 435200K, used 132184K [0x0000000080000000, 0x0000000100000000)
  region size 1024K, 14 young (14336K), 14 survivors (14336K)
 Metaspace       used 115130K, capacity 118116K, committed 119132K, reserved 1153024K
  class space    used 14842K, capacity 15931K, committed 16408K, reserved 1048576K
}
Event: 31.883 GC heap before
{Heap before GC invocations=58 (full 0):
 garbage-first heap   total 435200K, used 375896K [0x0000000080000000, 0x0000000100000000)
  region size 1024K, 252 young (258048K), 14 survivors (14336K)
 Metaspace       used 115151K, capacity 118117K, committed 119132K, reserved 1153024K
  class space    used 14842K, capacity 15931K, committed 16408K, reserved 1048576K
}

