# JRE version: OpenJDK Runtime Environment (11.0.10) (build 11.0.10+0-b96-7249189)
# Java VM: OpenJDK 64-Bit Server VM (11.0.10+0-b96-7249189, mixed mode, tiered, compressed oops, g1 gc, windows-amd64)
Heap:
 garbage-first heap   total 157696K, used 89088K [0x0000000080000000, 0x0000000100000000)
  region size 1024K, 28 young (28672K), 7 survivors (7168K)
 Metaspace       used 51236K, capacity 52837K, committed 52992K, reserved 1095680K
  class space    used 6558K, capacity 7060K, committed 7168K, reserved 1048576K
GC Heap History (18 events):
Event: 0.447 GC heap before
{Heap before GC invocations=0 (full 0):
 garbage-first heap   total 131072K, used 27648K [0x0000000080000000, 0x0000000100000000)
  region size 1024K, 22 young (22528K), 0 survivors (0K)
 Metaspace       used 9974K, capacity 10201K, committed 10368K, reserved 1058816K
  class space    used 1036K, capacity 1108K, committed 1152K, reserved 1048576K
}
Event: 0.451 GC heap after
{Heap after GC invocations=1 (full 0):
 garbage-first heap   total 131072K, used 9142K [0x0000000080000000, 0x0000000100000000)
  region size 1024K, 3 young (3072K), 3 survivors (3072K)
 Metaspace       used 9974K, capacity 10201K, committed 10368K, reserved 1058816K
  class space    used 1036K, capacity 1108K, committed 1152K, reserved 1048576K
}
Event: 1.908 GC heap before
{Heap before GC invocations=1 (full 0):
 garbage-first heap   total 131072K, used 83894K [0x0000000080000000, 0x0000000100000000)
  region size 1024K, 76 young (77824K), 3 survivors (3072K)
 Metaspace       used 17730K, capacity 18155K, committed 18432K, reserved 1064960K
  class space    used 2091K, capacity 2249K, committed 2304K, reserved 1048576K
}
Event: 1.913 GC heap after
{Heap after GC invocations=2 (full 0):
 garbage-first heap   total 131072K, used 15718K [0x0000000080000000, 0x0000000100000000)
  region size 1024K, 10 young (10240K), 10 survivors (10240K)
 Metaspace       used 17730K, capacity 18155K, committed 18432K, reserved 1064960K
  class space    used 2091K, capacity 2249K, committed 2304K, reserved 1048576K
}
Event: 2.133 GC heap before
{Heap before GC invocations=2 (full 0):
 garbage-first heap   total 131072K, used 39270K [0x0000000080000000, 0x0000000100000000)
  region size 1024K, 34 young (34816K), 10 survivors (10240K)
 Metaspace       used 20614K, capacity 21123K, committed 21248K, reserved 1067008K
  class space    used 2516K, capacity 2733K, committed 2816K, reserved 1048576K
}
Event: 2.139 GC heap after
{Heap after GC invocations=3 (full 0):
 garbage-first heap   total 131072K, used 16689K [0x0000000080000000, 0x0000000100000000)
  region size 1024K, 1 young (1024K), 1 survivors (1024K)
 Metaspace       used 20614K, capacity 21123K, committed 21248K, reserved 1067008K
  class space    used 2516K, capacity 2733K, committed 2816K, reserved 1048576K
}
Event: 2.817 GC heap before
{Heap before GC invocations=4 (full 0):
 garbage-first heap   total 131072K, used 88369K [0x0000000080000000, 0x0000000100000000)
  region size 1024K, 61 young (62464K), 1 survivors (1024K)
 Metaspace       used 26551K, capacity 27309K, committed 27392K, reserved 1073152K
  class space    used 3498K, capacity 3775K, committed 3840K, reserved 1048576K
}
Event: 2.821 GC heap after
{Heap after GC invocations=5 (full 0):
 garbage-first heap   total 131072K, used 31304K [0x0000000080000000, 0x0000000100000000)
  region size 1024K, 6 young (6144K), 6 survivors (6144K)
 Metaspace       used 26551K, capacity 27309K, committed 27392K, reserved 1073152K
  class space    used 3498K, capacity 3775K, committed 3840K, reserved 1048576K
}
Event: 3.521 GC heap before
{Heap before GC invocations=5 (full 0):
 garbage-first heap   total 131072K, used 86600K [0x0000000080000000, 0x0000000100000000)
  region size 1024K, 62 young (63488K), 6 survivors (6144K)
 Metaspace       used 34855K, capacity 35727K, committed 35840K, reserved 1081344K
  class space    used 4560K, capacity 4899K, committed 4992K, reserved 1048576K
}
Event: 3.529 GC heap after
{Heap after GC invocations=6 (full 0):
 garbage-first heap   total 131072K, used 34798K [0x0000000080000000, 0x0000000100000000)
  region size 1024K, 4 young (4096K), 4 survivors (4096K)
 Metaspace       used 34855K, capacity 35727K, committed 35840K, reserved 1081344K
  class space    used 4560K, capacity 4899K, committed 4992K, reserved 1048576K
}
Event: 3.999 GC heap before
{Heap before GC invocations=7 (full 0):
 garbage-first heap   total 131072K, used 96238K [0x0000000080000000, 0x0000000100000000)
  region size 1024K, 62 young (63488K), 4 survivors (4096K)
 Metaspace       used 40670K, capacity 41698K, committed 41728K, reserved 1085440K
  class space    used 5229K, capacity 5609K, committed 5632K, reserved 1048576K
}
Event: 4.003 GC heap after
{Heap after GC invocations=8 (full 0):
 garbage-first heap   total 131072K, used 38804K [0x0000000080000000, 0x0000000100000000)
  region size 1024K, 8 young (8192K), 8 survivors (8192K)
 Metaspace       used 40670K, capacity 41698K, committed 41728K, reserved 1085440K
  class space    used 5229K, capacity 5609K, committed 5632K, reserved 1048576K
}
Event: 4.708 GC heap before
{Heap before GC invocations=8 (full 0):
 garbage-first heap   total 131072K, used 104340K [0x0000000080000000, 0x0000000100000000)
  region size 1024K, 64 young (65536K), 8 survivors (8192K)
 Metaspace       used 44500K, capacity 45745K, committed 46080K, reserved 1089536K
  class space    used 5601K, capacity 6053K, committed 6144K, reserved 1048576K
}
Event: 4.716 GC heap after
{Heap after GC invocations=9 (full 0):
 garbage-first heap   total 131072K, used 52046K [0x0000000080000000, 0x0000000100000000)
  region size 1024K, 8 young (8192K), 8 survivors (8192K)
 Metaspace       used 44500K, capacity 45745K, committed 46080K, reserved 1089536K
  class space    used 5601K, capacity 6053K, committed 6144K, reserved 1048576K
}
Event: 5.095 GC heap before
{Heap before GC invocations=9 (full 0):
 garbage-first heap   total 131072K, used 101198K [0x0000000080000000, 0x0000000100000000)
  region size 1024K, 56 young (57344K), 8 survivors (8192K)
 Metaspace       used 47512K, capacity 48923K, committed 49152K, reserved 1091584K
  class space    used 6098K, capacity 6559K, committed 6656K, reserved 1048576K
}
Event: 5.102 GC heap after
{Heap after GC invocations=10 (full 0):
 garbage-first heap   total 131072K, used 55657K [0x0000000080000000, 0x0000000100000000)
  region size 1024K, 3 young (3072K), 3 survivors (3072K)
 Metaspace       used 47512K, capacity 48923K, committed 49152K, reserved 1091584K
  class space    used 6098K, capacity 6559K, committed 6656K, reserved 1048576K
}
Event: 6.075 GC heap before
{Heap before GC invocations=10 (full 0):
 garbage-first heap   total 131072K, used 104809K [0x0000000080000000, 0x0000000100000000)
  region size 1024K, 49 young (50176K), 3 survivors (3072K)
 Metaspace       used 49776K, capacity 51280K, committed 51456K, reserved 1093632K
  class space    used 6360K, capacity 6844K, committed 6912K, reserved 1048576K
}
Event: 6.080 GC heap after
{Heap after GC invocations=11 (full 0):
 garbage-first heap   total 157696K, used 63488K [0x0000000080000000, 0x0000000100000000)
  region size 1024K, 7 young (7168K), 7 survivors (7168K)
 Metaspace       used 49776K, capacity 51280K, committed 51456K, reserved 1093632K
  class space    used 6360K, capacity 6844K, committed 6912K, reserved 1048576K
}

