# JRE version: OpenJDK Runtime Environment (11.0.10) (build 11.0.10+0-b96-7249189)
# Java VM: OpenJDK 64-Bit Server VM (11.0.10+0-b96-7249189, mixed mode, tiered, compressed oops, g1 gc, windows-amd64)
Heap:
 garbage-first heap   total 1043456K, used 129403K [0x0000000080000000, 0x0000000100000000)
  region size 1024K, 22 young (22528K), 22 survivors (22528K)
 Metaspace       used 102692K, capacity 105233K, committed 105932K, reserved 1140736K
  class space    used 13246K, capacity 14230K, committed 14540K, reserved 1048576K
GC Heap History (20 events):
Event: 16.897 GC heap after
{Heap after GC invocations=38 (full 0):
 garbage-first heap   total 227328K, used 105417K [0x0000000080000000, 0x0000000100000000)
  region size 1024K, 5 young (5120K), 5 survivors (5120K)
 Metaspace       used 99958K, capacity 102477K, committed 103244K, reserved 1138688K
  class space    used 13115K, capacity 14087K, committed 14412K, reserved 1048576K
}
Event: 17.000 GC heap before
{Heap before GC invocations=38 (full 0):
 garbage-first heap   total 227328K, used 177097K [0x0000000080000000, 0x0000000100000000)
  region size 1024K, 75 young (76800K), 5 survivors (5120K)
 Metaspace       used 99970K, capacity 102485K, committed 103244K, reserved 1138688K
  class space    used 13118K, capacity 14090K, committed 14412K, reserved 1048576K
}
Event: 17.006 GC heap after
{Heap after GC invocations=39 (full 0):
 garbage-first heap   total 227328K, used 106211K [0x0000000080000000, 0x0000000100000000)
  region size 1024K, 6 young (6144K), 6 survivors (6144K)
 Metaspace       used 99970K, capacity 102485K, committed 103244K, reserved 1138688K
  class space    used 13118K, capacity 14090K, committed 14412K, reserved 1048576K
}
Event: 17.234 GC heap before
{Heap before GC invocations=39 (full 0):
 garbage-first heap   total 227328K, used 179939K [0x0000000080000000, 0x0000000100000000)
  region size 1024K, 79 young (80896K), 6 survivors (6144K)
 Metaspace       used 100441K, capacity 102930K, committed 103756K, reserved 1138688K
  class space    used 13126K, capacity 14102K, committed 14412K, reserved 1048576K
}
Event: 17.248 GC heap after
{Heap after GC invocations=40 (full 0):
 garbage-first heap   total 290816K, used 106107K [0x0000000080000000, 0x0000000100000000)
  region size 1024K, 6 young (6144K), 6 survivors (6144K)
 Metaspace       used 100441K, capacity 102930K, committed 103756K, reserved 1138688K
  class space    used 13126K, capacity 14102K, committed 14412K, reserved 1048576K
}
Event: 17.661 GC heap before
{Heap before GC invocations=40 (full 0):
 garbage-first heap   total 290816K, used 221819K [0x0000000080000000, 0x0000000100000000)
  region size 1024K, 119 young (121856K), 6 survivors (6144K)
 Metaspace       used 100983K, capacity 103515K, committed 104268K, reserved 1138688K
  class space    used 13132K, capacity 14114K, committed 14412K, reserved 1048576K
}
Event: 17.672 GC heap after
{Heap after GC invocations=41 (full 0):
 garbage-first heap   total 290816K, used 108157K [0x0000000080000000, 0x0000000100000000)
  region size 1024K, 8 young (8192K), 8 survivors (8192K)
 Metaspace       used 100983K, capacity 103515K, committed 104268K, reserved 1138688K
  class space    used 13132K, capacity 14114K, committed 14412K, reserved 1048576K
}
Event: 17.864 GC heap before
{Heap before GC invocations=41 (full 0):
 garbage-first heap   total 290816K, used 235133K [0x0000000080000000, 0x0000000100000000)
  region size 1024K, 133 young (136192K), 8 survivors (8192K)
 Metaspace       used 101126K, capacity 103663K, committed 104268K, reserved 1138688K
  class space    used 13136K, capacity 14115K, committed 14412K, reserved 1048576K
}
Event: 17.873 GC heap after
{Heap after GC invocations=42 (full 0):
 garbage-first heap   total 290816K, used 109652K [0x0000000080000000, 0x0000000100000000)
  region size 1024K, 9 young (9216K), 9 survivors (9216K)
 Metaspace       used 101126K, capacity 103663K, committed 104268K, reserved 1138688K
  class space    used 13136K, capacity 14115K, committed 14412K, reserved 1048576K
}
Event: 18.011 GC heap before
{Heap before GC invocations=42 (full 0):
 garbage-first heap   total 290816K, used 240724K [0x0000000080000000, 0x0000000100000000)
  region size 1024K, 137 young (140288K), 9 survivors (9216K)
 Metaspace       used 101183K, capacity 103731K, committed 104524K, reserved 1138688K
  class space    used 13142K, capacity 14115K, committed 14412K, reserved 1048576K
}
Event: 18.024 GC heap after
{Heap after GC invocations=43 (full 0):
 garbage-first heap   total 290816K, used 110301K [0x0000000080000000, 0x0000000100000000)
  region size 1024K, 10 young (10240K), 10 survivors (10240K)
 Metaspace       used 101183K, capacity 103731K, committed 104524K, reserved 1138688K
  class space    used 13142K, capacity 14115K, committed 14412K, reserved 1048576K
}
Event: 18.158 GC heap before
{Heap before GC invocations=43 (full 0):
 garbage-first heap   total 290816K, used 241373K [0x0000000080000000, 0x0000000100000000)
  region size 1024K, 139 young (142336K), 10 survivors (10240K)
 Metaspace       used 101219K, capacity 103733K, committed 104524K, reserved 1138688K
  class space    used 13142K, capacity 14115K, committed 14412K, reserved 1048576K
}
Event: 18.191 GC heap after
{Heap after GC invocations=44 (full 0):
 garbage-first heap   total 475136K, used 111360K [0x0000000080000000, 0x0000000100000000)
  region size 1024K, 11 young (11264K), 11 survivors (11264K)
 Metaspace       used 101219K, capacity 103733K, committed 104524K, reserved 1138688K
  class space    used 13142K, capacity 14115K, committed 14412K, reserved 1048576K
}
Event: 19.644 GC heap before
{Heap before GC invocations=44 (full 0):
 garbage-first heap   total 475136K, used 383744K [0x0000000080000000, 0x0000000100000000)
  region size 1024K, 277 young (283648K), 11 survivors (11264K)
 Metaspace       used 102106K, capacity 104645K, committed 105420K, reserved 1140736K
  class space    used 13208K, capacity 14188K, committed 14540K, reserved 1048576K
}
Event: 19.675 GC heap after
{Heap after GC invocations=45 (full 0):
 garbage-first heap   total 475136K, used 117142K [0x0000000080000000, 0x0000000100000000)
  region size 1024K, 16 young (16384K), 16 survivors (16384K)
 Metaspace       used 102106K, capacity 104645K, committed 105420K, reserved 1140736K
  class space    used 13208K, capacity 14188K, committed 14540K, reserved 1048576K
}
Event: 20.140 GC heap before
{Heap before GC invocations=45 (full 0):
 garbage-first heap   total 475136K, used 384406K [0x0000000080000000, 0x0000000100000000)
  region size 1024K, 278 young (284672K), 16 survivors (16384K)
 Metaspace       used 102444K, capacity 105011K, committed 105676K, reserved 1140736K
  class space    used 13236K, capacity 14224K, committed 14540K, reserved 1048576K
}
Event: 20.294 GC heap after
{Heap after GC invocations=46 (full 0):
 garbage-first heap   total 475136K, used 120169K [0x0000000080000000, 0x0000000100000000)
  region size 1024K, 19 young (19456K), 19 survivors (19456K)
 Metaspace       used 102444K, capacity 105011K, committed 105676K, reserved 1140736K
  class space    used 13236K, capacity 14224K, committed 14540K, reserved 1048576K
}
Event: 20.934 GC heap before
{Heap before GC invocations=46 (full 0):
 garbage-first heap   total 475136K, used 385385K [0x0000000080000000, 0x0000000100000000)
  region size 1024K, 278 young (284672K), 19 survivors (19456K)
 Metaspace       used 102658K, capacity 105158K, committed 105676K, reserved 1140736K
  class space    used 13244K, capacity 14226K, committed 14540K, reserved 1048576K
}
Event: 21.104 GC heap after
{Heap after GC invocations=47 (full 0):
 garbage-first heap   total 475136K, used 126115K [0x0000000080000000, 0x0000000100000000)
  region size 1024K, 24 young (24576K), 24 survivors (24576K)
 Metaspace       used 102658K, capacity 105158K, committed 105676K, reserved 1140736K
  class space    used 13244K, capacity 14226K, committed 14540K, reserved 1048576K
}
Event: 21.409 GC heap before
{Heap before GC invocations=47 (full 0):
 garbage-first heap   total 475136K, used 386211K [0x0000000080000000, 0x0000000100000000)
  region size 1024K, 278 young (284672K), 24 survivors (24576K)
 Metaspace       used 102692K, capacity 105233K, committed 105932K, reserved 1140736K
  class space    used 13246K, capacity 14230K, committed 14540K, reserved 1048576K
}

