# JRE version: OpenJDK Runtime Environment (11.0.10) (build 11.0.10+0-b96-7249189)
# Java VM: OpenJDK 64-Bit Server VM (11.0.10+0-b96-7249189, mixed mode, tiered, compressed oops, g1 gc, windows-amd64)
Heap:
 garbage-first heap   total 541696K, used 142682K [0x0000000080000000, 0x0000000100000000)
  region size 1024K, 21 young (21504K), 21 survivors (21504K)
 Metaspace       used 102620K, capacity 105281K, committed 106112K, reserved 1140736K
  class space    used 13372K, capacity 14397K, committed 14720K, reserved 1048576K
GC Heap History (20 events):
Event: 10.959 GC heap after
{Heap after GC invocations=31 (full 0):
 garbage-first heap   total 273408K, used 113635K [0x0000000080000000, 0x0000000100000000)
  region size 1024K, 7 young (7168K), 7 survivors (7168K)
 Metaspace       used 101256K, capacity 103837K, committed 104832K, reserved 1138688K
  class space    used 13356K, capacity 14352K, committed 14720K, reserved 1048576K
}
Event: 11.142 GC heap before
{Heap before GC invocations=31 (full 0):
 garbage-first heap   total 273408K, used 217059K [0x0000000080000000, 0x0000000100000000)
  region size 1024K, 109 young (111616K), 7 survivors (7168K)
 Metaspace       used 101375K, capacity 103970K, committed 104832K, reserved 1138688K
  class space    used 13357K, capacity 14353K, committed 14720K, reserved 1048576K
}
Event: 11.149 GC heap after
{Heap after GC invocations=32 (full 0):
 garbage-first heap   total 273408K, used 113948K [0x0000000080000000, 0x0000000100000000)
  region size 1024K, 7 young (7168K), 7 survivors (7168K)
 Metaspace       used 101375K, capacity 103970K, committed 104832K, reserved 1138688K
  class space    used 13357K, capacity 14353K, committed 14720K, reserved 1048576K
}
Event: 11.314 GC heap before
{Heap before GC invocations=32 (full 0):
 garbage-first heap   total 273408K, used 222492K [0x0000000080000000, 0x0000000100000000)
  region size 1024K, 113 young (115712K), 7 survivors (7168K)
 Metaspace       used 101577K, capacity 104168K, committed 105088K, reserved 1140736K
  class space    used 13357K, capacity 14353K, committed 14720K, reserved 1048576K
}
Event: 11.322 GC heap after
{Heap after GC invocations=33 (full 0):
 garbage-first heap   total 328704K, used 117712K [0x0000000080000000, 0x0000000100000000)
  region size 1024K, 11 young (11264K), 11 survivors (11264K)
 Metaspace       used 101577K, capacity 104168K, committed 105088K, reserved 1140736K
  class space    used 13357K, capacity 14353K, committed 14720K, reserved 1048576K
}
Event: 11.502 GC heap before
{Heap before GC invocations=33 (full 0):
 garbage-first heap   total 328704K, used 244688K [0x0000000080000000, 0x0000000100000000)
  region size 1024K, 136 young (139264K), 11 survivors (11264K)
 Metaspace       used 101838K, capacity 104447K, committed 105344K, reserved 1140736K
  class space    used 13359K, capacity 14357K, committed 14720K, reserved 1048576K
}
Event: 11.514 GC heap after
{Heap after GC invocations=34 (full 0):
 garbage-first heap   total 328704K, used 122806K [0x0000000080000000, 0x0000000100000000)
  region size 1024K, 14 young (14336K), 14 survivors (14336K)
 Metaspace       used 101838K, capacity 104447K, committed 105344K, reserved 1140736K
  class space    used 13359K, capacity 14357K, committed 14720K, reserved 1048576K
}
Event: 11.682 GC heap before
{Heap before GC invocations=34 (full 0):
 garbage-first heap   total 328704K, used 263094K [0x0000000080000000, 0x0000000100000000)
  region size 1024K, 151 young (154624K), 14 survivors (14336K)
 Metaspace       used 102075K, capacity 104704K, committed 105600K, reserved 1140736K
  class space    used 13370K, capacity 14394K, committed 14720K, reserved 1048576K
}
Event: 11.693 GC heap after
{Heap after GC invocations=35 (full 0):
 garbage-first heap   total 328704K, used 128481K [0x0000000080000000, 0x0000000100000000)
  region size 1024K, 15 young (15360K), 15 survivors (15360K)
 Metaspace       used 102075K, capacity 104704K, committed 105600K, reserved 1140736K
  class space    used 13370K, capacity 14394K, committed 14720K, reserved 1048576K
}
Event: 11.834 GC heap before
{Heap before GC invocations=35 (full 0):
 garbage-first heap   total 328704K, used 268769K [0x0000000080000000, 0x0000000100000000)
  region size 1024K, 152 young (155648K), 15 survivors (15360K)
 Metaspace       used 102238K, capacity 104912K, committed 105856K, reserved 1140736K
  class space    used 13370K, capacity 14394K, committed 14720K, reserved 1048576K
}
Event: 11.845 GC heap after
{Heap after GC invocations=36 (full 0):
 garbage-first heap   total 328704K, used 129239K [0x0000000080000000, 0x0000000100000000)
  region size 1024K, 8 young (8192K), 8 survivors (8192K)
 Metaspace       used 102238K, capacity 104912K, committed 105856K, reserved 1140736K
  class space    used 13370K, capacity 14394K, committed 14720K, reserved 1048576K
}
Event: 11.969 GC heap before
{Heap before GC invocations=36 (full 0):
 garbage-first heap   total 328704K, used 271575K [0x0000000080000000, 0x0000000100000000)
  region size 1024K, 147 young (150528K), 8 survivors (8192K)
 Metaspace       used 102298K, capacity 104987K, committed 105856K, reserved 1140736K
  class space    used 13371K, capacity 14395K, committed 14720K, reserved 1048576K
}
Event: 11.978 GC heap after
{Heap after GC invocations=37 (full 0):
 garbage-first heap   total 456704K, used 130695K [0x0000000080000000, 0x0000000100000000)
  region size 1024K, 10 young (10240K), 10 survivors (10240K)
 Metaspace       used 102298K, capacity 104987K, committed 105856K, reserved 1140736K
  class space    used 13371K, capacity 14395K, committed 14720K, reserved 1048576K
}
Event: 12.176 GC heap before
{Heap before GC invocations=37 (full 0):
 garbage-first heap   total 456704K, used 309895K [0x0000000080000000, 0x0000000100000000)
  region size 1024K, 185 young (189440K), 10 survivors (10240K)
 Metaspace       used 102335K, capacity 104988K, committed 105856K, reserved 1140736K
  class space    used 13371K, capacity 14395K, committed 14720K, reserved 1048576K
}
Event: 12.184 GC heap after
{Heap after GC invocations=38 (full 0):
 garbage-first heap   total 456704K, used 133338K [0x0000000080000000, 0x0000000100000000)
  region size 1024K, 12 young (12288K), 12 survivors (12288K)
 Metaspace       used 102335K, capacity 104988K, committed 105856K, reserved 1140736K
  class space    used 13371K, capacity 14395K, committed 14720K, reserved 1048576K
}
Event: 12.384 GC heap before
{Heap before GC invocations=38 (full 0):
 garbage-first heap   total 456704K, used 381146K [0x0000000080000000, 0x0000000100000000)
  region size 1024K, 254 young (260096K), 12 survivors (12288K)
 Metaspace       used 102382K, capacity 105054K, committed 105856K, reserved 1140736K
  class space    used 13371K, capacity 14396K, committed 14720K, reserved 1048576K
}
Event: 12.394 GC heap after
{Heap after GC invocations=39 (full 0):
 garbage-first heap   total 456704K, used 136897K [0x0000000080000000, 0x0000000100000000)
  region size 1024K, 16 young (16384K), 16 survivors (16384K)
 Metaspace       used 102382K, capacity 105054K, committed 105856K, reserved 1140736K
  class space    used 13371K, capacity 14396K, committed 14720K, reserved 1048576K
}
Event: 12.588 GC heap before
{Heap before GC invocations=39 (full 0):
 garbage-first heap   total 456704K, used 388801K [0x0000000080000000, 0x0000000100000000)
  region size 1024K, 262 young (268288K), 16 survivors (16384K)
 Metaspace       used 102400K, capacity 105059K, committed 105856K, reserved 1140736K
  class space    used 13372K, capacity 14397K, committed 14720K, reserved 1048576K
}
Event: 12.599 GC heap after
{Heap after GC invocations=40 (full 0):
 garbage-first heap   total 456704K, used 139492K [0x0000000080000000, 0x0000000100000000)
  region size 1024K, 18 young (18432K), 18 survivors (18432K)
 Metaspace       used 102400K, capacity 105059K, committed 105856K, reserved 1140736K
  class space    used 13372K, capacity 14397K, committed 14720K, reserved 1048576K
}
Event: 12.805 GC heap before
{Heap before GC invocations=40 (full 0):
 garbage-first heap   total 456704K, used 391396K [0x0000000080000000, 0x0000000100000000)
  region size 1024K, 264 young (270336K), 18 survivors (18432K)
 Metaspace       used 102620K, capacity 105281K, committed 106112K, reserved 1140736K
  class space    used 13372K, capacity 14397K, committed 14720K, reserved 1048576K
}

