# JRE version: OpenJDK Runtime Environment (11.0.10) (build 11.0.10+0-b96-7249189)
# Java VM: OpenJDK 64-Bit Server VM (11.0.10+0-b96-7249189, mixed mode, tiered, compressed oops, g1 gc, windows-amd64)
Heap:
 garbage-first heap   total 625664K, used 145997K [0x0000000080000000, 0x0000000100000000)
  region size 1024K, 23 young (23552K), 23 survivors (23552K)
 Metaspace       used 102334K, capacity 104998K, committed 105600K, reserved 1140736K
  class space    used 13405K, capacity 14481K, committed 14720K, reserved 1048576K
GC Heap History (20 events):
Event: 10.017 GC heap before
{Heap before GC invocations=31 (full 0):
 garbage-first heap   total 279552K, used 225449K [0x0000000080000000, 0x0000000100000000)
  region size 1024K, 107 young (109568K), 6 survivors (6144K)
 Metaspace       used 100396K, capacity 103050K, committed 103936K, reserved 1138688K
  class space    used 13261K, capacity 14286K, committed 14592K, reserved 1048576K
}
Event: 10.025 GC heap after
{Heap after GC invocations=32 (full 0):
 garbage-first heap   total 279552K, used 124807K [0x0000000080000000, 0x0000000100000000)
  region size 1024K, 8 young (8192K), 8 survivors (8192K)
 Metaspace       used 100396K, capacity 103050K, committed 103936K, reserved 1138688K
  class space    used 13261K, capacity 14286K, committed 14592K, reserved 1048576K
}
Event: 10.163 GC heap before
{Heap before GC invocations=32 (full 0):
 garbage-first heap   total 279552K, used 228231K [0x0000000080000000, 0x0000000100000000)
  region size 1024K, 109 young (111616K), 8 survivors (8192K)
 Metaspace       used 100753K, capacity 103390K, committed 104192K, reserved 1138688K
  class space    used 13261K, capacity 14286K, committed 14592K, reserved 1048576K
}
Event: 10.171 GC heap after
{Heap after GC invocations=33 (full 0):
 garbage-first heap   total 279552K, used 125131K [0x0000000080000000, 0x0000000100000000)
  region size 1024K, 7 young (7168K), 7 survivors (7168K)
 Metaspace       used 100753K, capacity 103390K, committed 104192K, reserved 1138688K
  class space    used 13261K, capacity 14286K, committed 14592K, reserved 1048576K
}
Event: 10.311 GC heap before
{Heap before GC invocations=33 (full 0):
 garbage-first heap   total 279552K, used 231627K [0x0000000080000000, 0x0000000100000000)
  region size 1024K, 111 young (113664K), 7 survivors (7168K)
 Metaspace       used 100994K, capacity 103679K, committed 104448K, reserved 1138688K
  class space    used 13268K, capacity 14291K, committed 14592K, reserved 1048576K
}
Event: 10.320 GC heap after
{Heap after GC invocations=34 (full 0):
 garbage-first heap   total 335872K, used 126502K [0x0000000080000000, 0x0000000100000000)
  region size 1024K, 8 young (8192K), 8 survivors (8192K)
 Metaspace       used 100994K, capacity 103679K, committed 104448K, reserved 1138688K
  class space    used 13268K, capacity 14291K, committed 14592K, reserved 1048576K
}
Event: 10.477 GC heap before
{Heap before GC invocations=34 (full 0):
 garbage-first heap   total 335872K, used 260646K [0x0000000080000000, 0x0000000100000000)
  region size 1024K, 140 young (143360K), 8 survivors (8192K)
 Metaspace       used 101121K, capacity 103761K, committed 104448K, reserved 1138688K
  class space    used 13268K, capacity 14291K, committed 14592K, reserved 1048576K
}
Event: 10.486 GC heap after
{Heap after GC invocations=35 (full 0):
 garbage-first heap   total 335872K, used 127526K [0x0000000080000000, 0x0000000100000000)
  region size 1024K, 9 young (9216K), 9 survivors (9216K)
 Metaspace       used 101121K, capacity 103761K, committed 104448K, reserved 1138688K
  class space    used 13268K, capacity 14291K, committed 14592K, reserved 1048576K
}
Event: 10.627 GC heap before
{Heap before GC invocations=35 (full 0):
 garbage-first heap   total 335872K, used 284198K [0x0000000080000000, 0x0000000100000000)
  region size 1024K, 162 young (165888K), 9 survivors (9216K)
 Metaspace       used 101205K, capacity 103838K, committed 104704K, reserved 1138688K
  class space    used 13271K, capacity 14295K, committed 14592K, reserved 1048576K
}
Event: 10.635 GC heap after
{Heap after GC invocations=36 (full 0):
 garbage-first heap   total 335872K, used 129120K [0x0000000080000000, 0x0000000100000000)
  region size 1024K, 11 young (11264K), 11 survivors (11264K)
 Metaspace       used 101205K, capacity 103838K, committed 104704K, reserved 1138688K
  class space    used 13271K, capacity 14295K, committed 14592K, reserved 1048576K
}
Event: 10.781 GC heap before
{Heap before GC invocations=36 (full 0):
 garbage-first heap   total 335872K, used 285792K [0x0000000080000000, 0x0000000100000000)
  region size 1024K, 164 young (167936K), 11 survivors (11264K)
 Metaspace       used 101255K, capacity 103911K, committed 104704K, reserved 1138688K
  class space    used 13272K, capacity 14298K, committed 14592K, reserved 1048576K
}
Event: 10.792 GC heap after
{Heap after GC invocations=37 (full 0):
 garbage-first heap   total 335872K, used 131560K [0x0000000080000000, 0x0000000100000000)
  region size 1024K, 13 young (13312K), 13 survivors (13312K)
 Metaspace       used 101255K, capacity 103911K, committed 104704K, reserved 1138688K
  class space    used 13272K, capacity 14298K, committed 14592K, reserved 1048576K
}
Event: 10.925 GC heap before
{Heap before GC invocations=37 (full 0):
 garbage-first heap   total 335872K, used 288232K [0x0000000080000000, 0x0000000100000000)
  region size 1024K, 166 young (169984K), 13 survivors (13312K)
 Metaspace       used 101293K, capacity 103976K, committed 104704K, reserved 1138688K
  class space    used 13273K, capacity 14298K, committed 14592K, reserved 1048576K
}
Event: 10.937 GC heap after
{Heap after GC invocations=38 (full 0):
 garbage-first heap   total 470016K, used 132678K [0x0000000080000000, 0x0000000100000000)
  region size 1024K, 13 young (13312K), 13 survivors (13312K)
 Metaspace       used 101293K, capacity 103976K, committed 104704K, reserved 1138688K
  class space    used 13273K, capacity 14298K, committed 14592K, reserved 1048576K
}
Event: 11.355 GC heap before
{Heap before GC invocations=38 (full 0):
 garbage-first heap   total 470016K, used 370246K [0x0000000080000000, 0x0000000100000000)
  region size 1024K, 245 young (250880K), 13 survivors (13312K)
 Metaspace       used 101314K, capacity 103976K, committed 104704K, reserved 1138688K
  class space    used 13273K, capacity 14298K, committed 14592K, reserved 1048576K
}
Event: 11.368 GC heap after
{Heap after GC invocations=39 (full 0):
 garbage-first heap   total 470016K, used 135757K [0x0000000080000000, 0x0000000100000000)
  region size 1024K, 16 young (16384K), 16 survivors (16384K)
 Metaspace       used 101314K, capacity 103976K, committed 104704K, reserved 1138688K
  class space    used 13273K, capacity 14298K, committed 14592K, reserved 1048576K
}
Event: 11.594 GC heap before
{Heap before GC invocations=39 (full 0):
 garbage-first heap   total 470016K, used 397901K [0x0000000080000000, 0x0000000100000000)
  region size 1024K, 272 young (278528K), 16 survivors (16384K)
 Metaspace       used 101332K, capacity 103982K, committed 104704K, reserved 1138688K
  class space    used 13275K, capacity 14300K, committed 14592K, reserved 1048576K
}
Event: 11.606 GC heap after
{Heap after GC invocations=40 (full 0):
 garbage-first heap   total 470016K, used 139367K [0x0000000080000000, 0x0000000100000000)
  region size 1024K, 19 young (19456K), 19 survivors (19456K)
 Metaspace       used 101332K, capacity 103982K, committed 104704K, reserved 1138688K
  class space    used 13275K, capacity 14300K, committed 14592K, reserved 1048576K
}
Event: 11.815 GC heap before
{Heap before GC invocations=40 (full 0):
 garbage-first heap   total 470016K, used 401511K [0x0000000080000000, 0x0000000100000000)
  region size 1024K, 275 young (281600K), 19 survivors (19456K)
 Metaspace       used 101387K, capacity 103982K, committed 104704K, reserved 1138688K
  class space    used 13282K, capacity 14300K, committed 14592K, reserved 1048576K
}
Event: 11.828 GC heap after
{Heap after GC invocations=41 (full 0):
 garbage-first heap   total 470016K, used 141277K [0x0000000080000000, 0x0000000100000000)
  region size 1024K, 20 young (20480K), 20 survivors (20480K)
 Metaspace       used 101387K, capacity 103982K, committed 104704K, reserved 1138688K
  class space    used 13282K, capacity 14300K, committed 14592K, reserved 1048576K
}

