# JRE version: OpenJDK Runtime Environment (11.0.10) (build 11.0.10+0-b96-7249189)
# Java VM: OpenJDK 64-Bit Server VM (11.0.10+0-b96-7249189, mixed mode, tiered, compressed oops, g1 gc, windows-amd64)
Heap:
 garbage-first heap   total 750592K, used 149071K [0x0000000080000000, 0x0000000100000000)
  region size 1024K, 24 young (24576K), 24 survivors (24576K)
 Metaspace       used 102907K, capacity 105586K, committed 106384K, reserved 1140736K
  class space    used 13400K, capacity 14404K, committed 14736K, reserved 1048576K
GC Heap History (20 events):
Event: 10.066 GC heap after
{Heap after GC invocations=32 (full 0):
 garbage-first heap   total 284672K, used 127719K [0x0000000080000000, 0x0000000100000000)
  region size 1024K, 8 young (8192K), 8 survivors (8192K)
 Metaspace       used 100473K, capacity 102915K, committed 104208K, reserved 1138688K
  class space    used 13138K, capacity 14057K, committed 14608K, reserved 1048576K
}
Event: 10.158 GC heap before
{Heap before GC invocations=32 (full 0):
 garbage-first heap   total 284672K, used 227047K [0x0000000080000000, 0x0000000100000000)
  region size 1024K, 105 young (107520K), 8 survivors (8192K)
 Metaspace       used 100649K, capacity 103066K, committed 104464K, reserved 1138688K
  class space    used 13140K, capacity 14060K, committed 14608K, reserved 1048576K
}
Event: 10.165 GC heap after
{Heap after GC invocations=33 (full 0):
 garbage-first heap   total 284672K, used 128014K [0x0000000080000000, 0x0000000100000000)
  region size 1024K, 8 young (8192K), 8 survivors (8192K)
 Metaspace       used 100649K, capacity 103066K, committed 104464K, reserved 1138688K
  class space    used 13140K, capacity 14060K, committed 14608K, reserved 1048576K
}
Event: 10.258 GC heap before
{Heap before GC invocations=33 (full 0):
 garbage-first heap   total 284672K, used 234510K [0x0000000080000000, 0x0000000100000000)
  region size 1024K, 112 young (114688K), 8 survivors (8192K)
 Metaspace       used 100767K, capacity 103275K, committed 104720K, reserved 1138688K
  class space    used 13143K, capacity 14061K, committed 14608K, reserved 1048576K
}
Event: 10.268 GC heap after
{Heap after GC invocations=34 (full 0):
 garbage-first heap   total 342016K, used 129077K [0x0000000080000000, 0x0000000100000000)
  region size 1024K, 9 young (9216K), 9 survivors (9216K)
 Metaspace       used 100767K, capacity 103275K, committed 104720K, reserved 1138688K
  class space    used 13143K, capacity 14061K, committed 14608K, reserved 1048576K
}
Event: 10.412 GC heap before
{Heap before GC invocations=34 (full 0):
 garbage-first heap   total 342016K, used 283701K [0x0000000080000000, 0x0000000100000000)
  region size 1024K, 160 young (163840K), 9 survivors (9216K)
 Metaspace       used 100866K, capacity 103365K, committed 104720K, reserved 1138688K
  class space    used 13148K, capacity 14066K, committed 14608K, reserved 1048576K
}
Event: 10.420 GC heap after
{Heap after GC invocations=35 (full 0):
 garbage-first heap   total 342016K, used 130192K [0x0000000080000000, 0x0000000100000000)
  region size 1024K, 10 young (10240K), 10 survivors (10240K)
 Metaspace       used 100866K, capacity 103365K, committed 104720K, reserved 1138688K
  class space    used 13148K, capacity 14066K, committed 14608K, reserved 1048576K
}
Event: 10.546 GC heap before
{Heap before GC invocations=35 (full 0):
 garbage-first heap   total 342016K, used 288912K [0x0000000080000000, 0x0000000100000000)
  region size 1024K, 165 young (168960K), 10 survivors (10240K)
 Metaspace       used 100929K, capacity 103439K, committed 104720K, reserved 1138688K
  class space    used 13149K, capacity 14069K, committed 14608K, reserved 1048576K
}
Event: 10.554 GC heap after
{Heap after GC invocations=36 (full 0):
 garbage-first heap   total 342016K, used 132355K [0x0000000080000000, 0x0000000100000000)
  region size 1024K, 12 young (12288K), 12 survivors (12288K)
 Metaspace       used 100929K, capacity 103439K, committed 104720K, reserved 1138688K
  class space    used 13149K, capacity 14069K, committed 14608K, reserved 1048576K
}
Event: 10.682 GC heap before
{Heap before GC invocations=36 (full 0):
 garbage-first heap   total 342016K, used 291075K [0x0000000080000000, 0x0000000100000000)
  region size 1024K, 167 young (171008K), 12 survivors (12288K)
 Metaspace       used 100956K, capacity 103439K, committed 104720K, reserved 1138688K
  class space    used 13149K, capacity 14069K, committed 14608K, reserved 1048576K
}
Event: 10.696 GC heap after
{Heap after GC invocations=37 (full 0):
 garbage-first heap   total 342016K, used 134164K [0x0000000080000000, 0x0000000100000000)
  region size 1024K, 13 young (13312K), 13 survivors (13312K)
 Metaspace       used 100956K, capacity 103439K, committed 104720K, reserved 1138688K
  class space    used 13149K, capacity 14069K, committed 14608K, reserved 1048576K
}
Event: 10.813 GC heap before
{Heap before GC invocations=37 (full 0):
 garbage-first heap   total 342016K, used 292884K [0x0000000080000000, 0x0000000100000000)
  region size 1024K, 168 young (172032K), 13 survivors (13312K)
 Metaspace       used 100986K, capacity 103439K, committed 104720K, reserved 1138688K
  class space    used 13149K, capacity 14069K, committed 14608K, reserved 1048576K
}
Event: 10.829 GC heap after
{Heap after GC invocations=38 (full 0):
 garbage-first heap   total 534528K, used 135510K [0x0000000080000000, 0x0000000100000000)
  region size 1024K, 13 young (13312K), 13 survivors (13312K)
 Metaspace       used 100986K, capacity 103439K, committed 104720K, reserved 1138688K
  class space    used 13149K, capacity 14069K, committed 14608K, reserved 1048576K
}
Event: 11.154 GC heap before
{Heap before GC invocations=38 (full 0):
 garbage-first heap   total 534528K, used 409942K [0x0000000080000000, 0x0000000100000000)
  region size 1024K, 281 young (287744K), 13 survivors (13312K)
 Metaspace       used 101003K, capacity 103509K, committed 104720K, reserved 1138688K
  class space    used 13150K, capacity 14071K, committed 14608K, reserved 1048576K
}
Event: 11.170 GC heap after
{Heap after GC invocations=39 (full 0):
 garbage-first heap   total 534528K, used 139641K [0x0000000080000000, 0x0000000100000000)
  region size 1024K, 17 young (17408K), 17 survivors (17408K)
 Metaspace       used 101003K, capacity 103509K, committed 104720K, reserved 1138688K
  class space    used 13150K, capacity 14071K, committed 14608K, reserved 1048576K
}
Event: 11.542 GC heap before
{Heap before GC invocations=39 (full 0):
 garbage-first heap   total 534528K, used 442745K [0x0000000080000000, 0x0000000100000000)
  region size 1024K, 313 young (320512K), 17 survivors (17408K)
 Metaspace       used 101010K, capacity 103509K, committed 104720K, reserved 1138688K
  class space    used 13150K, capacity 14071K, committed 14608K, reserved 1048576K
}
Event: 11.557 GC heap after
{Heap after GC invocations=40 (full 0):
 garbage-first heap   total 534528K, used 142403K [0x0000000080000000, 0x0000000100000000)
  region size 1024K, 20 young (20480K), 20 survivors (20480K)
 Metaspace       used 101010K, capacity 103509K, committed 104720K, reserved 1138688K
  class space    used 13150K, capacity 14071K, committed 14608K, reserved 1048576K
}
Event: 11.983 GC heap before
{Heap before GC invocations=40 (full 0):
 garbage-first heap   total 534528K, used 442435K [0x0000000080000000, 0x0000000100000000)
  region size 1024K, 313 young (320512K), 20 survivors (20480K)
 Metaspace       used 101650K, capacity 104201K, committed 105360K, reserved 1140736K
  class space    used 13240K, capacity 14193K, committed 14736K, reserved 1048576K
}
Event: 11.998 GC heap after
{Heap after GC invocations=41 (full 0):
 garbage-first heap   total 534528K, used 146516K [0x0000000080000000, 0x0000000100000000)
  region size 1024K, 24 young (24576K), 24 survivors (24576K)
 Metaspace       used 101650K, capacity 104201K, committed 105360K, reserved 1140736K
  class space    used 13240K, capacity 14193K, committed 14736K, reserved 1048576K
}
Event: 12.385 GC heap before
{Heap before GC invocations=41 (full 0):
 garbage-first heap   total 534528K, used 443476K [0x0000000080000000, 0x0000000100000000)
  region size 1024K, 313 young (320512K), 24 survivors (24576K)
 Metaspace       used 102907K, capacity 105586K, committed 106384K, reserved 1140736K
  class space    used 13400K, capacity 14404K, committed 14736K, reserved 1048576K
}

